<?xml version="1.0" encoding="UTF-8"?>
<!-- Generated by org.testng.reporters.JUnitXMLReporter -->
<testsuite ignored="0" hostname="DESKTOP-ECUP9G1" failures="0" tests="17" name="LoginPage" time="52.025" errors="0" timestamp="2021-06-02T14:16:53 IST">
  <testcase classname="QueueCodes.LoginPageTest" name="basePageNavigation" time="12.685"/>
  <testcase classname="QueueCodes.LoginPageTest" name="basePageNavigation" time="0.348"/>
  <testcase classname="QueueCodes.LoginPageTest" name="basePageNavigation" time="0.524"/>
  <testcase classname="QueueCodes.RegisterUser" name="registerUser" time="0.691"/>
  <testcase classname="QueueCodes.LoginPageTest" name="basePageNavigation" time="0.274"/>
  <testcase classname="QueueCodes.LoginPageTest" name="basePageNavigation" time="0.413"/>
  <testcase classname="QueueCodes.RegisterUser" name="registerUser" time="0.397"/>
  <testcase classname="QueueCodes.LoginPageTest" name="basePageNavigation" time="0.588"/>
  <testcase classname="QueueCodes.HPTitleValidaton" name="titleValidation" time="0.125"/>
  <testcase classname="QueueCodes.RegisterUser" name="registerUser" time="2.427"/>
  <testcase classname="QueueCodes.LoginPageTest" name="basePageNavigation" time="2.58"/>
  <testcase classname="QueueCodes.RegisterUser" name="registerUser" time="0.726"/>
  <testcase classname="QueueCodes.RegisterUser" name="registerUser" time="0.247"/>
  <testcase classname="QueueCodes.RegisterUser" name="registerUser" time="0.252"/>
  <testcase classname="QueueCodes.RegisterUser" name="registerUser" time="0.221"/>
  <testcase classname="QueueCodes.RegisterUser" name="registerUser" time="0.228"/>
  <testcase classname="QueueCodes.RegisterUser" name="registerUser" time="0.219"/>
</testsuite> <!-- LoginPage -->
