<?xml version="1.0" encoding="UTF-8"?>
<!-- Generated by org.testng.reporters.JUnitXMLReporter -->
<testsuite ignored="0" hostname="DESKTOP-ECUP9G1" failures="0" tests="12" name="Test1" time="47.219" errors="0" timestamp="2021-06-02T14:20:47 IST">
  <testcase classname="QueueCodes.ScenarioDashboard" name="Scenario" time="18.364"/>
  <testcase classname="QueueCodes.ScenarioDashboard" name="clickMe" time="5.33"/>
  <testcase classname="QueueCodes.Users" name="usersInHome" time="0.43"/>
  <testcase classname="QueueCodes.RegisterUser" name="registerUser" time="0.344"/>
  <testcase classname="QueueCodes.RegisterUser" name="registerUser" time="0.317"/>
  <testcase classname="QueueCodes.RegisterUser" name="registerUser" time="0.276"/>
  <testcase classname="QueueCodes.RegisterUser" name="registerUser" time="0.285"/>
  <testcase classname="QueueCodes.RegisterUser" name="registerUser" time="0.256"/>
  <testcase classname="QueueCodes.RegisterUser" name="registerUser" time="0.243"/>
  <testcase classname="QueueCodes.RegisterUser" name="registerUser" time="0.244"/>
  <testcase classname="QueueCodes.RegisterUser" name="registerUser" time="0.247"/>
  <testcase classname="QueueCodes.RegisterUser" name="registerUser" time="0.259"/>
</testsuite> <!-- Test1 -->
