<?xml version="1.0" encoding="UTF-8"?>
<!-- Generated by org.testng.reporters.JUnitXMLReporter -->
<testsuite ignored="0" hostname="DESKTOP-ECUP9G1" failures="1" tests="1" name="TextValidation" time="53.895" errors="0" timestamp="2021-06-02T14:17:47 IST">
  <testcase classname="QueueCodes.HPTextValidation" name="textValidation" time="0.324">
    <failure type="java.lang.AssertionError" message="expected [QueueCodes123] but found [QueueCodes]">
      <![CDATA[java.lang.AssertionError: expected [QueueCodes123] but found [QueueCodes]
at QueueCodes.HPTextValidation.textValidation(HPTextValidation.java:33)
at java.base/java.util.ArrayList.forEach(ArrayList.java:1511)
at java.base/java.util.concurrent.FutureTask.run(FutureTask.java:264)
at java.base/java.util.concurrent.ThreadPoolExecutor.runWorker(ThreadPoolExecutor.java:1130)
at java.base/java.util.concurrent.ThreadPoolExecutor$Worker.run(ThreadPoolExecutor.java:630)
at java.base/java.lang.Thread.run(Thread.java:832)
... Removed 23 stack frames]]>
    </failure>
  </testcase> <!-- textValidation -->
</testsuite> <!-- TextValidation -->
