<?xml version="1.0" encoding="UTF-8"?>
<!-- Generated by org.testng.reporters.JUnitXMLReporter -->
<testsuite hostname="DESKTOP-ECUP9G1" ignored="0" name="LoginPage" tests="7" failures="0" timestamp="2021-06-02T16:45:43 IST" time="11.745" errors="0">
  <testcase name="basePageNavigation" time="1.896" classname="QueueCodes.LoginPageTest"/>
  <testcase name="basePageNavigation" time="0.616" classname="QueueCodes.LoginPageTest"/>
  <testcase name="basePageNavigation" time="0.59" classname="QueueCodes.LoginPageTest"/>
  <testcase name="basePageNavigation" time="0.521" classname="QueueCodes.LoginPageTest"/>
  <testcase name="basePageNavigation" time="0.512" classname="QueueCodes.LoginPageTest"/>
  <testcase name="basePageNavigation" time="0.643" classname="QueueCodes.LoginPageTest"/>
  <testcase name="basePageNavigation" time="1.404" classname="QueueCodes.LoginPageTest"/>
</testsuite> <!-- LoginPage -->
