<?xml version="1.0" encoding="UTF-8"?>
<!-- Generated by org.testng.reporters.JUnitXMLReporter -->
<testsuite hostname="DESKTOP-ECUP9G1" ignored="0" name="TextValidation" tests="12" failures="1" timestamp="2021-06-02T16:45:45 IST" time="5.84" errors="0">
  <testcase name="basePageNavigation" time="0.59" classname="QueueCodes.LoginPageTest"/>
  <testcase name="registerUser" time="0.491" classname="QueueCodes.RegisterUser"/>
  <testcase name="basePageNavigation" time="0.521" classname="QueueCodes.LoginPageTest"/>
  <testcase name="basePageNavigation" time="0.512" classname="QueueCodes.LoginPageTest"/>
  <testcase name="registerUser" time="0.643" classname="QueueCodes.RegisterUser"/>
  <testcase name="basePageNavigation" time="0.643" classname="QueueCodes.LoginPageTest"/>
  <testcase name="registerUser" time="0.86" classname="QueueCodes.RegisterUser"/>
  <testcase name="basePageNavigation" time="1.404" classname="QueueCodes.LoginPageTest"/>
  <testcase name="registerUser" time="0.453" classname="QueueCodes.RegisterUser"/>
  <testcase name="registerUser" time="0.337" classname="QueueCodes.RegisterUser"/>
  <testcase name="registerUser" time="0.494" classname="QueueCodes.RegisterUser"/>
  <testcase name="textValidation" time="0.123" classname="QueueCodes.HPTextValidation">
    <failure type="java.lang.AssertionError" message="expected [QueueCodes123] but found [QueueCodes]">
      <![CDATA[java.lang.AssertionError: expected [QueueCodes123] but found [QueueCodes]
at QueueCodes.HPTextValidation.textValidation(HPTextValidation.java:33)
at java.util.ArrayList.forEach(ArrayList.java:1257)
at java.util.concurrent.FutureTask.run(FutureTask.java:266)
at java.util.concurrent.ThreadPoolExecutor.runWorker(ThreadPoolExecutor.java:1149)
at java.util.concurrent.ThreadPoolExecutor$Worker.run(ThreadPoolExecutor.java:624)
at java.lang.Thread.run(Thread.java:748)
... Removed 23 stack frames]]>
    </failure>
  </testcase> <!-- textValidation -->
</testsuite> <!-- TextValidation -->
