<?xml version="1.0" encoding="UTF-8"?>
<!-- Generated by org.testng.reporters.JUnitXMLReporter -->
<testsuite hostname="DESKTOP-ECUP9G1" ignored="0" name="TitleValidation" tests="4" failures="0" timestamp="2021-06-02T16:45:39 IST" time="6.98" errors="0">
  <testcase name="basePageNavigation" time="1.896" classname="QueueCodes.LoginPageTest"/>
  <testcase name="titleValidation" time="0.06" classname="QueueCodes.HPTitleValidaton"/>
  <testcase name="registerUser" time="0.724" classname="QueueCodes.RegisterUser"/>
  <testcase name="basePageNavigation" time="0.616" classname="QueueCodes.LoginPageTest"/>
</testsuite> <!-- TitleValidation -->
