<?xml version="1.0" encoding="UTF-8"?>
<testsuite xmlns:xsi="http://www.w3.org/2001/XMLSchema-instance" xsi:noNamespaceSchemaLocation="https://maven.apache.org/surefire/maven-surefire-plugin/xsd/surefire-test-report-3.0.xsd" version="3.0" name="TestSuite" time="136.75" tests="21" errors="0" skipped="0" failures="1">
  <properties>
[...]
</properties>
  <testcase name="basePageNavigation[qu, 123](1)" classname="QueueCodes.LoginPageTest" time="16.685">
    <system-err><![CDATA[SSttaarrttiinngg  CChhrroommeeDDrriivveer 90.0.4r 49300..204. 4(4430c.6d2845 0f(048c76dda486570df90286e78dedadb47665750da9e2d6655e9981e-rdedfsb/7br6a5nc5h0-aheeadds6/4545309@{9#142-9}r) eofn spor/tb 4r5a92n6c
Ohn-lyh eloacdals c/o4n4ne3c0ti@o{n#s 4a2re9 }al)l owoend. p
oPlreta se2 0s8e2e 
hOttnplsy: //lcohrcomaeldr ivcero.cnhrnoemicumt.iorgo/nsescu riatrye- caolnsliodweerda.tion
sP flore assugeg essteieo nsh tont kpeespi:ng/ /ChcrohmerDormiveedrr siafvee.r
.chromium.org/security-considerations for suggestions on keeping ChromeDriver safe.
ChromeDriver was started successfully.
ChromeDriver was started successfully.
[[116622227743413961.9562.15]2[1WA]R[NIWNGA]R:N ITNhiGs] :v eTrhsiiso n vofe rChsriomoeDnr ivoerf  haCsh nroto bmeeenD rteisvteedr  wihtha Csh rnomoe tv ebrsion 91.
een tested with Chrome version 91.
Jun 03, 2021 11:29:57 PM org.openqa.selenium.remote.ProtocolHandshake createSession
INFO: Detected dialect: W3C
Jun 03, 2021 11:29:57 PM org.openqa.selenium.remote.ProtocolHandshake createSession
INFO: Detected dialect: W3C
]]></system-err>
  </testcase>
  <testcase name="basePageNavigation[queuecodes@gmail.com, 1235](2)" classname="QueueCodes.LoginPageTest" time="1.689"/>
  <testcase name="basePageNavigation[queuue@gamil.com, 123456](3)" classname="QueueCodes.LoginPageTest" time="0.448"/>
  <testcase name="basePageNavigation[, ](4)" classname="QueueCodes.LoginPageTest" time="0.49"/>
  <testcase name="basePageNavigation[queuecodes@gmail.com, ](5)" classname="QueueCodes.LoginPageTest" time="0.72"/>
  <testcase name="basePageNavigation[, 123456](6)" classname="QueueCodes.LoginPageTest" time="0.409"/>
  <testcase name="basePageNavigation[queuecodes@gmail.com, 123456](7)" classname="QueueCodes.LoginPageTest" time="4.912"/>
  <testcase name="titleValidation" classname="QueueCodes.HPTitleValidaton" time="0.328"/>
  <testcase name="textValidation" classname="QueueCodes.HPTextValidation" time="0.305">
    <failure message="expected [QueueCodes123] but found [QueueCodes]" type="java.lang.AssertionError"><![CDATA[java.lang.AssertionError: expected [QueueCodes123] but found [QueueCodes]
	at QueueCodes.HPTextValidation.textValidation(HPTextValidation.java:33)
]]></failure>
    <system-err><![CDATA[Starting ChromeDriver 90.0.4430.24 (4c6d850f087da467d926e8eddb76550aed655991-refs/branch-heads/4430@{#429}) on port 10839
Only local connections are allowed.
Please see https://chromedriver.chromium.org/security-considerations for suggestions on keeping ChromeDriver safe.
ChromeDriver was started successfully.
Starting ChromeDriver 90.0.4430.24 (4c6d850f087da467d926e8eddb76550aed655991-refs/branch-heads/4430@{#429}) on port 21993
Only local connections are allowed.
Please see https://chromedriver.chromium.org/security-considerations for suggestions on keeping ChromeDriver safe.
ChromeDriver was started successfully.
[1622743241.748][WARNING]: This version of ChromeDriver has not been tested with Chrome version 91.
[1622743241.750][WARNING]: This version of ChromeDriver has not been tested with Chrome version 91.
Jun 03, 2021 11:30:41 PM org.openqa.selenium.remote.ProtocolHandshake createSession
INFO: Detected dialect: W3C
Jun 03, 2021 11:30:41 PM org.openqa.selenium.remote.ProtocolHandshake createSession
INFO: Detected dialect: W3C
]]></system-err>
  </testcase>
  <testcase name="Scenario" classname="QueueCodes.ScenarioDashboard" time="8.521">
    <system-err><![CDATA[Starting ChromeDriver 90.0.4430.24 (4c6d850f087da467d926e8eddb76550aed655991-refs/branch-heads/4430@{#429}) on port 33983
Only local connections are allowed.
Please see https://chromedriver.chromium.org/security-considerations for suggestions on keeping ChromeDriver safe.
ChromeDriver was started successfully.
[1622743262.787][WARNING]: This version of ChromeDriver has not been tested with Chrome version 91.
Jun 03, 2021 11:31:02 PM org.openqa.selenium.remote.ProtocolHandshake createSession
INFO: Detected dialect: W3C
]]></system-err>
  </testcase>
  <testcase name="clickMe" classname="QueueCodes.ScenarioDashboard" time="6.631"/>
  <testcase name="usersInHome" classname="QueueCodes.Users" time="3.436">
    <system-err><![CDATA[Starting ChromeDriver 90.0.4430.24 (4c6d850f087da467d926e8eddb76550aed655991-refs/branch-heads/4430@{#429}) on port 35465
Only local connections are allowed.
Please see https://chromedriver.chromium.org/security-considerations for suggestions on keeping ChromeDriver safe.
ChromeDriver was started successfully.
[1622743277.445][WARNING]: This version of ChromeDriver has not been tested with Chrome version 91.
Jun 03, 2021 11:31:17 PM org.openqa.selenium.remote.ProtocolHandshake createSession
INFO: Detected dialect: W3C
]]></system-err>
  </testcase>
  <testcase name="registerUser[Sandeep, 10203040, sandeep@gmail.com, ](1)" classname="QueueCodes.RegisterUser" time="0.644"/>
  <testcase name="registerUser[Sandeep, 10203040, , 11345](2)" classname="QueueCodes.RegisterUser" time="0.335"/>
  <testcase name="registerUser[Sandeep, , sandeep@gmail.com, 11345](3)" classname="QueueCodes.RegisterUser" time="0.692"/>
  <testcase name="registerUser[, 10203040, sandeep@gmail.com, 11345](4)" classname="QueueCodes.RegisterUser" time="0.467"/>
  <testcase name="registerUser[Sandeep, , , 11345](5)" classname="QueueCodes.RegisterUser" time="0.715"/>
  <testcase name="registerUser[Sandeep, , , ](6)" classname="QueueCodes.RegisterUser" time="0.259"/>
  <testcase name="registerUser[, 10203040, , ](7)" classname="QueueCodes.RegisterUser" time="0.244"/>
  <testcase name="registerUser[, , sandeep@gmail.com, ](8)" classname="QueueCodes.RegisterUser" time="0.263"/>
  <testcase name="registerUser[, , sandeep@gmail.com, 123456](9)" classname="QueueCodes.RegisterUser" time="0.27"/>
</testsuite>