-------------------------------------------------------------------------------
Test set: TestSuite
-------------------------------------------------------------------------------
Tests run: 21, Failures: 1, Errors: 0, Skipped: 0, Time elapsed: 136.75 s <<< FAILURE! - in TestSuite
QueueCodes.HPTextValidation.textValidation  Time elapsed: 0.305 s  <<< FAILURE!
java.lang.AssertionError: expected [QueueCodes123] but found [QueueCodes]
	at QueueCodes.HPTextValidation.textValidation(HPTextValidation.java:33)

