<?xml version="1.0" encoding="UTF-8"?>
<testng-results skipped="0" failed="1" ignored="0" total="21" passed="20">
  <reporter-output>
  </reporter-output>
  <suite name="Suite" duration-ms="132607" started-at="2021-06-03T23:29:20 IST" finished-at="2021-06-03T23:31:33 IST">
    <groups>
    </groups>
    <test name="Test" duration-ms="132607" started-at="2021-06-03T23:29:20 IST" finished-at="2021-06-03T23:31:33 IST">
      <class name="QueueCodes.RegisterUser">
        <test-method status="PASS" signature="initialize()[pri:0, instance:QueueCodes.RegisterUser@7dc0f706]" name="initialize" is-config="true" duration-ms="12443" started-at="2021-06-03T23:31:15 IST" finished-at="2021-06-03T23:31:27 IST">
          <reporter-output>
          </reporter-output>
        </test-method> <!-- initialize -->
        <test-method status="PASS" signature="cleanData()[pri:0, instance:QueueCodes.RegisterUser@7dc0f706]" name="cleanData" is-config="true" duration-ms="274" started-at="2021-06-03T23:31:27 IST" finished-at="2021-06-03T23:31:27 IST">
          <reporter-output>
          </reporter-output>
        </test-method> <!-- cleanData -->
        <test-method status="PASS" signature="registerUser(java.lang.String, java.lang.String, java.lang.String, java.lang.String)[pri:0, instance:QueueCodes.RegisterUser@7dc0f706]" name="registerUser" duration-ms="644" started-at="2021-06-03T23:31:27 IST" data-provider="getData" finished-at="2021-06-03T23:31:28 IST">
          <params>
            <param index="0">
              <value>
                <![CDATA[Sandeep]]>
              </value>
            </param>
            <param index="1">
              <value>
                <![CDATA[10203040]]>
              </value>
            </param>
            <param index="2">
              <value>
                <![CDATA[sandeep@gmail.com]]>
              </value>
            </param>
            <param index="3">
              <value>
                <![CDATA[]]>
              </value>
            </param>
          </params>
          <reporter-output>
          </reporter-output>
        </test-method> <!-- registerUser -->
        <test-method status="PASS" signature="cleanData()[pri:0, instance:QueueCodes.RegisterUser@7dc0f706]" name="cleanData" is-config="true" duration-ms="453" started-at="2021-06-03T23:31:28 IST" finished-at="2021-06-03T23:31:28 IST">
          <reporter-output>
          </reporter-output>
        </test-method> <!-- cleanData -->
        <test-method status="PASS" signature="registerUser(java.lang.String, java.lang.String, java.lang.String, java.lang.String)[pri:0, instance:QueueCodes.RegisterUser@7dc0f706]" name="registerUser" duration-ms="335" started-at="2021-06-03T23:31:28 IST" data-provider="getData" finished-at="2021-06-03T23:31:29 IST">
          <params>
            <param index="0">
              <value>
                <![CDATA[Sandeep]]>
              </value>
            </param>
            <param index="1">
              <value>
                <![CDATA[10203040]]>
              </value>
            </param>
            <param index="2">
              <value>
                <![CDATA[]]>
              </value>
            </param>
            <param index="3">
              <value>
                <![CDATA[11345]]>
              </value>
            </param>
          </params>
          <reporter-output>
          </reporter-output>
        </test-method> <!-- registerUser -->
        <test-method status="PASS" signature="cleanData()[pri:0, instance:QueueCodes.RegisterUser@7dc0f706]" name="cleanData" is-config="true" duration-ms="163" started-at="2021-06-03T23:31:29 IST" finished-at="2021-06-03T23:31:29 IST">
          <reporter-output>
          </reporter-output>
        </test-method> <!-- cleanData -->
        <test-method status="PASS" signature="registerUser(java.lang.String, java.lang.String, java.lang.String, java.lang.String)[pri:0, instance:QueueCodes.RegisterUser@7dc0f706]" name="registerUser" duration-ms="692" started-at="2021-06-03T23:31:29 IST" data-provider="getData" finished-at="2021-06-03T23:31:30 IST">
          <params>
            <param index="0">
              <value>
                <![CDATA[Sandeep]]>
              </value>
            </param>
            <param index="1">
              <value>
                <![CDATA[]]>
              </value>
            </param>
            <param index="2">
              <value>
                <![CDATA[sandeep@gmail.com]]>
              </value>
            </param>
            <param index="3">
              <value>
                <![CDATA[11345]]>
              </value>
            </param>
          </params>
          <reporter-output>
          </reporter-output>
        </test-method> <!-- registerUser -->
        <test-method status="PASS" signature="cleanData()[pri:0, instance:QueueCodes.RegisterUser@7dc0f706]" name="cleanData" is-config="true" duration-ms="177" started-at="2021-06-03T23:31:30 IST" finished-at="2021-06-03T23:31:30 IST">
          <reporter-output>
          </reporter-output>
        </test-method> <!-- cleanData -->
        <test-method status="PASS" signature="registerUser(java.lang.String, java.lang.String, java.lang.String, java.lang.String)[pri:0, instance:QueueCodes.RegisterUser@7dc0f706]" name="registerUser" duration-ms="457" started-at="2021-06-03T23:31:30 IST" data-provider="getData" finished-at="2021-06-03T23:31:30 IST">
          <params>
            <param index="0">
              <value>
                <![CDATA[]]>
              </value>
            </param>
            <param index="1">
              <value>
                <![CDATA[10203040]]>
              </value>
            </param>
            <param index="2">
              <value>
                <![CDATA[sandeep@gmail.com]]>
              </value>
            </param>
            <param index="3">
              <value>
                <![CDATA[11345]]>
              </value>
            </param>
          </params>
          <reporter-output>
          </reporter-output>
        </test-method> <!-- registerUser -->
        <test-method status="PASS" signature="cleanData()[pri:0, instance:QueueCodes.RegisterUser@7dc0f706]" name="cleanData" is-config="true" duration-ms="329" started-at="2021-06-03T23:31:30 IST" finished-at="2021-06-03T23:31:30 IST">
          <reporter-output>
          </reporter-output>
        </test-method> <!-- cleanData -->
        <test-method status="PASS" signature="registerUser(java.lang.String, java.lang.String, java.lang.String, java.lang.String)[pri:0, instance:QueueCodes.RegisterUser@7dc0f706]" name="registerUser" duration-ms="716" started-at="2021-06-03T23:31:30 IST" data-provider="getData" finished-at="2021-06-03T23:31:31 IST">
          <params>
            <param index="0">
              <value>
                <![CDATA[Sandeep]]>
              </value>
            </param>
            <param index="1">
              <value>
                <![CDATA[]]>
              </value>
            </param>
            <param index="2">
              <value>
                <![CDATA[]]>
              </value>
            </param>
            <param index="3">
              <value>
                <![CDATA[11345]]>
              </value>
            </param>
          </params>
          <reporter-output>
          </reporter-output>
        </test-method> <!-- registerUser -->
        <test-method status="PASS" signature="cleanData()[pri:0, instance:QueueCodes.RegisterUser@7dc0f706]" name="cleanData" is-config="true" duration-ms="150" started-at="2021-06-03T23:31:31 IST" finished-at="2021-06-03T23:31:31 IST">
          <reporter-output>
          </reporter-output>
        </test-method> <!-- cleanData -->
        <test-method status="PASS" signature="registerUser(java.lang.String, java.lang.String, java.lang.String, java.lang.String)[pri:0, instance:QueueCodes.RegisterUser@7dc0f706]" name="registerUser" duration-ms="258" started-at="2021-06-03T23:31:31 IST" data-provider="getData" finished-at="2021-06-03T23:31:32 IST">
          <params>
            <param index="0">
              <value>
                <![CDATA[Sandeep]]>
              </value>
            </param>
            <param index="1">
              <value>
                <![CDATA[]]>
              </value>
            </param>
            <param index="2">
              <value>
                <![CDATA[]]>
              </value>
            </param>
            <param index="3">
              <value>
                <![CDATA[]]>
              </value>
            </param>
          </params>
          <reporter-output>
          </reporter-output>
        </test-method> <!-- registerUser -->
        <test-method status="PASS" signature="cleanData()[pri:0, instance:QueueCodes.RegisterUser@7dc0f706]" name="cleanData" is-config="true" duration-ms="140" started-at="2021-06-03T23:31:32 IST" finished-at="2021-06-03T23:31:32 IST">
          <reporter-output>
          </reporter-output>
        </test-method> <!-- cleanData -->
        <test-method status="PASS" signature="registerUser(java.lang.String, java.lang.String, java.lang.String, java.lang.String)[pri:0, instance:QueueCodes.RegisterUser@7dc0f706]" name="registerUser" duration-ms="243" started-at="2021-06-03T23:31:32 IST" data-provider="getData" finished-at="2021-06-03T23:31:32 IST">
          <params>
            <param index="0">
              <value>
                <![CDATA[]]>
              </value>
            </param>
            <param index="1">
              <value>
                <![CDATA[10203040]]>
              </value>
            </param>
            <param index="2">
              <value>
                <![CDATA[]]>
              </value>
            </param>
            <param index="3">
              <value>
                <![CDATA[]]>
              </value>
            </param>
          </params>
          <reporter-output>
          </reporter-output>
        </test-method> <!-- registerUser -->
        <test-method status="PASS" signature="cleanData()[pri:0, instance:QueueCodes.RegisterUser@7dc0f706]" name="cleanData" is-config="true" duration-ms="147" started-at="2021-06-03T23:31:32 IST" finished-at="2021-06-03T23:31:32 IST">
          <reporter-output>
          </reporter-output>
        </test-method> <!-- cleanData -->
        <test-method status="PASS" signature="registerUser(java.lang.String, java.lang.String, java.lang.String, java.lang.String)[pri:0, instance:QueueCodes.RegisterUser@7dc0f706]" name="registerUser" duration-ms="263" started-at="2021-06-03T23:31:32 IST" data-provider="getData" finished-at="2021-06-03T23:31:32 IST">
          <params>
            <param index="0">
              <value>
                <![CDATA[]]>
              </value>
            </param>
            <param index="1">
              <value>
                <![CDATA[]]>
              </value>
            </param>
            <param index="2">
              <value>
                <![CDATA[sandeep@gmail.com]]>
              </value>
            </param>
            <param index="3">
              <value>
                <![CDATA[]]>
              </value>
            </param>
          </params>
          <reporter-output>
          </reporter-output>
        </test-method> <!-- registerUser -->
        <test-method status="PASS" signature="cleanData()[pri:0, instance:QueueCodes.RegisterUser@7dc0f706]" name="cleanData" is-config="true" duration-ms="150" started-at="2021-06-03T23:31:32 IST" finished-at="2021-06-03T23:31:33 IST">
          <reporter-output>
          </reporter-output>
        </test-method> <!-- cleanData -->
        <test-method status="PASS" signature="registerUser(java.lang.String, java.lang.String, java.lang.String, java.lang.String)[pri:0, instance:QueueCodes.RegisterUser@7dc0f706]" name="registerUser" duration-ms="269" started-at="2021-06-03T23:31:33 IST" data-provider="getData" finished-at="2021-06-03T23:31:33 IST">
          <params>
            <param index="0">
              <value>
                <![CDATA[]]>
              </value>
            </param>
            <param index="1">
              <value>
                <![CDATA[]]>
              </value>
            </param>
            <param index="2">
              <value>
                <![CDATA[sandeep@gmail.com]]>
              </value>
            </param>
            <param index="3">
              <value>
                <![CDATA[123456]]>
              </value>
            </param>
          </params>
          <reporter-output>
          </reporter-output>
        </test-method> <!-- registerUser -->
        <test-method status="PASS" signature="tearDown()[pri:0, instance:QueueCodes.RegisterUser@7dc0f706]" name="tearDown" is-config="true" duration-ms="231" started-at="2021-06-03T23:31:33 IST" finished-at="2021-06-03T23:31:33 IST">
          <reporter-output>
          </reporter-output>
        </test-method> <!-- tearDown -->
      </class> <!-- QueueCodes.RegisterUser -->
      <class name="QueueCodes.Users">
        <test-method status="PASS" signature="initialize()[pri:0, instance:QueueCodes.Users@3d34d211]" name="initialize" is-config="true" duration-ms="18036" started-at="2021-06-03T23:30:59 IST" finished-at="2021-06-03T23:31:17 IST">
          <reporter-output>
          </reporter-output>
        </test-method> <!-- initialize -->
        <test-method status="PASS" signature="usersInHome()[pri:0, instance:QueueCodes.Users@3d34d211]" name="usersInHome" duration-ms="3465" started-at="2021-06-03T23:31:17 IST" finished-at="2021-06-03T23:31:20 IST">
          <reporter-output>
          </reporter-output>
        </test-method> <!-- usersInHome -->
        <test-method status="PASS" signature="tearDown()[pri:0, instance:QueueCodes.Users@3d34d211]" name="tearDown" is-config="true" duration-ms="398" started-at="2021-06-03T23:31:20 IST" finished-at="2021-06-03T23:31:20 IST">
          <reporter-output>
          </reporter-output>
        </test-method> <!-- tearDown -->
      </class> <!-- QueueCodes.Users -->
      <class name="QueueCodes.LoginPageTest">
        <test-method status="PASS" signature="initilize()[pri:0, instance:QueueCodes.LoginPageTest@2002fc1d]" name="initilize" is-config="true" duration-ms="37527" started-at="2021-06-03T23:29:21 IST" finished-at="2021-06-03T23:29:58 IST">
          <reporter-output>
          </reporter-output>
        </test-method> <!-- initilize -->
        <test-method status="PASS" signature="basePageNavigation(java.lang.String, java.lang.String)[pri:0, instance:QueueCodes.LoginPageTest@2002fc1d]" name="basePageNavigation" duration-ms="16788" started-at="2021-06-03T23:29:58 IST" data-provider="getData" finished-at="2021-06-03T23:30:15 IST">
          <params>
            <param index="0">
              <value>
                <![CDATA[qu]]>
              </value>
            </param>
            <param index="1">
              <value>
                <![CDATA[123]]>
              </value>
            </param>
          </params>
          <reporter-output>
          </reporter-output>
        </test-method> <!-- basePageNavigation -->
        <test-method status="PASS" signature="basePageNavigation(java.lang.String, java.lang.String)[pri:0, instance:QueueCodes.LoginPageTest@2002fc1d]" name="basePageNavigation" duration-ms="1701" started-at="2021-06-03T23:30:15 IST" data-provider="getData" finished-at="2021-06-03T23:30:17 IST">
          <params>
            <param index="0">
              <value>
                <![CDATA[queuecodes@gmail.com]]>
              </value>
            </param>
            <param index="1">
              <value>
                <![CDATA[1235]]>
              </value>
            </param>
          </params>
          <reporter-output>
          </reporter-output>
        </test-method> <!-- basePageNavigation -->
        <test-method status="PASS" signature="basePageNavigation(java.lang.String, java.lang.String)[pri:0, instance:QueueCodes.LoginPageTest@2002fc1d]" name="basePageNavigation" duration-ms="447" started-at="2021-06-03T23:30:17 IST" data-provider="getData" finished-at="2021-06-03T23:30:17 IST">
          <params>
            <param index="0">
              <value>
                <![CDATA[queuue@gamil.com]]>
              </value>
            </param>
            <param index="1">
              <value>
                <![CDATA[123456]]>
              </value>
            </param>
          </params>
          <reporter-output>
          </reporter-output>
        </test-method> <!-- basePageNavigation -->
        <test-method status="PASS" signature="basePageNavigation(java.lang.String, java.lang.String)[pri:0, instance:QueueCodes.LoginPageTest@2002fc1d]" name="basePageNavigation" duration-ms="489" started-at="2021-06-03T23:30:17 IST" data-provider="getData" finished-at="2021-06-03T23:30:18 IST">
          <params>
            <param index="0">
              <value>
                <![CDATA[]]>
              </value>
            </param>
            <param index="1">
              <value>
                <![CDATA[]]>
              </value>
            </param>
          </params>
          <reporter-output>
          </reporter-output>
        </test-method> <!-- basePageNavigation -->
        <test-method status="PASS" signature="basePageNavigation(java.lang.String, java.lang.String)[pri:0, instance:QueueCodes.LoginPageTest@2002fc1d]" name="basePageNavigation" duration-ms="718" started-at="2021-06-03T23:30:18 IST" data-provider="getData" finished-at="2021-06-03T23:30:18 IST">
          <params>
            <param index="0">
              <value>
                <![CDATA[queuecodes@gmail.com]]>
              </value>
            </param>
            <param index="1">
              <value>
                <![CDATA[]]>
              </value>
            </param>
          </params>
          <reporter-output>
          </reporter-output>
        </test-method> <!-- basePageNavigation -->
        <test-method status="PASS" signature="basePageNavigation(java.lang.String, java.lang.String)[pri:0, instance:QueueCodes.LoginPageTest@2002fc1d]" name="basePageNavigation" duration-ms="410" started-at="2021-06-03T23:30:18 IST" data-provider="getData" finished-at="2021-06-03T23:30:19 IST">
          <params>
            <param index="0">
              <value>
                <![CDATA[]]>
              </value>
            </param>
            <param index="1">
              <value>
                <![CDATA[123456]]>
              </value>
            </param>
          </params>
          <reporter-output>
          </reporter-output>
        </test-method> <!-- basePageNavigation -->
        <test-method status="PASS" signature="basePageNavigation(java.lang.String, java.lang.String)[pri:0, instance:QueueCodes.LoginPageTest@2002fc1d]" name="basePageNavigation" duration-ms="11578" started-at="2021-06-03T23:30:19 IST" data-provider="getData" finished-at="2021-06-03T23:30:30 IST">
          <params>
            <param index="0">
              <value>
                <![CDATA[queuecodes@gmail.com]]>
              </value>
            </param>
            <param index="1">
              <value>
                <![CDATA[123456]]>
              </value>
            </param>
          </params>
          <reporter-output>
          </reporter-output>
        </test-method> <!-- basePageNavigation -->
        <test-method status="PASS" signature="teardown()[pri:0, instance:QueueCodes.LoginPageTest@2002fc1d]" name="teardown" is-config="true" duration-ms="437" started-at="2021-06-03T23:30:30 IST" finished-at="2021-06-03T23:30:31 IST">
          <reporter-output>
          </reporter-output>
        </test-method> <!-- teardown -->
      </class> <!-- QueueCodes.LoginPageTest -->
      <class name="QueueCodes.ScenarioDashboard">
        <test-method status="PASS" signature="initialize()[pri:0, instance:QueueCodes.ScenarioDashboard@ae13544]" name="initialize" is-config="true" duration-ms="26604" started-at="2021-06-03T23:30:31 IST" finished-at="2021-06-03T23:30:57 IST">
          <reporter-output>
          </reporter-output>
        </test-method> <!-- initialize -->
        <test-method status="PASS" signature="Scenario()[pri:0, instance:QueueCodes.ScenarioDashboard@ae13544]" name="Scenario" duration-ms="8591" started-at="2021-06-03T23:30:57 IST" finished-at="2021-06-03T23:31:06 IST">
          <reporter-output>
          </reporter-output>
        </test-method> <!-- Scenario -->
        <test-method status="PASS" signature="clickMe()[pri:0, instance:QueueCodes.ScenarioDashboard@ae13544]" name="clickMe" duration-ms="6721" started-at="2021-06-03T23:31:06 IST" finished-at="2021-06-03T23:31:13 IST">
          <reporter-output>
          </reporter-output>
        </test-method> <!-- clickMe -->
        <test-method status="PASS" signature="tearDown()[pri:0, instance:QueueCodes.ScenarioDashboard@ae13544]" name="tearDown" is-config="true" duration-ms="1718" started-at="2021-06-03T23:31:13 IST" finished-at="2021-06-03T23:31:15 IST">
          <reporter-output>
          </reporter-output>
        </test-method> <!-- tearDown -->
      </class> <!-- QueueCodes.ScenarioDashboard -->
      <class name="QueueCodes.HPTextValidation">
        <test-method status="PASS" signature="initialize()[pri:0, instance:QueueCodes.HPTextValidation@6f4a47c7]" name="initialize" is-config="true" duration-ms="27995" started-at="2021-06-03T23:30:30 IST" finished-at="2021-06-03T23:30:58 IST">
          <reporter-output>
          </reporter-output>
        </test-method> <!-- initialize -->
        <test-method status="FAIL" signature="textValidation()[pri:0, instance:QueueCodes.HPTextValidation@6f4a47c7]" name="textValidation" duration-ms="192" started-at="2021-06-03T23:30:58 IST" finished-at="2021-06-03T23:30:58 IST">
          <exception class="java.lang.AssertionError">
            <message>
              <![CDATA[expected [QueueCodes123] but found [QueueCodes]]]>
            </message>
            <full-stacktrace>
              <![CDATA[java.lang.AssertionError: expected [QueueCodes123] but found [QueueCodes]
at org.testng.Assert.fail(Assert.java:97)
at org.testng.Assert.assertEqualsImpl(Assert.java:136)
at org.testng.Assert.assertEquals(Assert.java:118)
at org.testng.Assert.assertEquals(Assert.java:575)
at org.testng.Assert.assertEquals(Assert.java:585)
at QueueCodes.HPTextValidation.textValidation(HPTextValidation.java:33)
at sun.reflect.NativeMethodAccessorImpl.invoke0(Native Method)
at sun.reflect.NativeMethodAccessorImpl.invoke(NativeMethodAccessorImpl.java:62)
at sun.reflect.DelegatingMethodAccessorImpl.invoke(DelegatingMethodAccessorImpl.java:43)
at java.lang.reflect.Method.invoke(Method.java:498)
at org.testng.internal.MethodInvocationHelper.invokeMethod(MethodInvocationHelper.java:134)
at org.testng.internal.TestInvoker.invokeMethod(TestInvoker.java:597)
at org.testng.internal.TestInvoker.invokeTestMethod(TestInvoker.java:173)
at org.testng.internal.MethodRunner.runInSequence(MethodRunner.java:46)
at org.testng.internal.TestInvoker$MethodInvocationAgent.invoke(TestInvoker.java:816)
at org.testng.internal.TestInvoker.invokeTestMethods(TestInvoker.java:146)
at org.testng.internal.TestMethodWorker.invokeTestMethods(TestMethodWorker.java:146)
at org.testng.internal.TestMethodWorker.run(TestMethodWorker.java:128)
at java.util.concurrent.ThreadPoolExecutor.runWorker(ThreadPoolExecutor.java:1149)
at java.util.concurrent.ThreadPoolExecutor$Worker.run(ThreadPoolExecutor.java:624)
at java.lang.Thread.run(Thread.java:748)
]]>
            </full-stacktrace>
          </exception> <!-- java.lang.AssertionError -->
          <reporter-output>
          </reporter-output>
        </test-method> <!-- textValidation -->
        <test-method status="PASS" signature="tearDown()[pri:0, instance:QueueCodes.HPTextValidation@6f4a47c7]" name="tearDown" is-config="true" duration-ms="686" started-at="2021-06-03T23:30:58 IST" finished-at="2021-06-03T23:30:59 IST">
          <reporter-output>
          </reporter-output>
        </test-method> <!-- tearDown -->
      </class> <!-- QueueCodes.HPTextValidation -->
      <class name="QueueCodes.HPTitleValidaton">
        <test-method status="PASS" signature="initialize()[pri:0, instance:QueueCodes.HPTitleValidaton@69453e37]" name="initialize" is-config="true" duration-ms="64863" started-at="2021-06-03T23:29:21 IST" finished-at="2021-06-03T23:30:26 IST">
          <reporter-output>
          </reporter-output>
        </test-method> <!-- initialize -->
        <test-method status="PASS" signature="titleValidation()[pri:0, instance:QueueCodes.HPTitleValidaton@69453e37]" name="titleValidation" duration-ms="327" started-at="2021-06-03T23:30:26 IST" finished-at="2021-06-03T23:30:26 IST">
          <reporter-output>
          </reporter-output>
        </test-method> <!-- titleValidation -->
        <test-method status="PASS" signature="tearDown()[pri:0, instance:QueueCodes.HPTitleValidaton@69453e37]" name="tearDown" is-config="true" duration-ms="3786" started-at="2021-06-03T23:30:26 IST" finished-at="2021-06-03T23:30:30 IST">
          <reporter-output>
          </reporter-output>
        </test-method> <!-- tearDown -->
      </class> <!-- QueueCodes.HPTitleValidaton -->
    </test> <!-- Test -->
  </suite> <!-- Suite -->
</testng-results>
